<?xml version="1.0" encoding="UTF-8"?>
<!-- Generated by org.testng.reporters.JUnitReportReporter -->
<testsuite hostname="Dika" name="kasir.mainClass" tests="14" failures="0" timestamp="11 Jun 2019 17:41:33 GMT" time="375.024" errors="0">
  <testcase name="cekMenuDataKategori_CURD" time="22.900" classname="kasir.mainClass"/>
  <testcase name="cekLoginFailed" time="15.601" classname="kasir.mainClass"/>
  <testcase name="cekFormDataKategori" time="20.980" classname="kasir.mainClass"/>
  <testcase name="cekMenuDataKasir_CURD" time="22.222" classname="kasir.mainClass"/>
  <testcase name="cekFormLogin" time="20.086" classname="kasir.mainClass"/>
  <testcase name="cekMenuDataBarang_CURD" time="35.149" classname="kasir.mainClass"/>
  <testcase name="cekFormDataKasir" time="29.158" classname="kasir.mainClass"/>
  <testcase name="cekTransaksiPembelian" time="34.224" classname="kasir.mainClass"/>
  <testcase name="cekLogout" time="18.229" classname="kasir.mainClass"/>
  <testcase name="cekFormDataBarang" time="72.512" classname="kasir.mainClass"/>
  <testcase name="cekMenuDataSuplayer_CURD" time="22.556" classname="kasir.mainClass"/>
  <testcase name="cekLoginTrue" time="18.413" classname="kasir.mainClass"/>
  <testcase name="Title" time="16.742" classname="kasir.mainClass"/>
  <testcase name="cekFormDataSuplayer" time="26.252" classname="kasir.mainClass"/>
</testsuite> <!-- kasir.mainClass -->
