<?xml version="1.0" encoding="UTF-8"?>
<!-- Generated by org.testng.reporters.JUnitReportReporter -->
<testsuite hostname="Dika" name="kasir.mainClass" tests="1" failures="0" timestamp="16 Jun 2019 19:37:36 GMT" time="34.317" errors="0">
  <testcase name="cekTransaksiPembelian" time="34.317" classname="kasir.mainClass"/>
</testsuite> <!-- kasir.mainClass -->
