<?xml version="1.0" encoding="UTF-8"?>
<!-- Generated by org.testng.reporters.JUnitReportReporter -->
<testsuite skipped="0" hostname="Dika" name="com.seleniumtestngtest.mainClass" tests="1" failures="0" timestamp="13 Jun 2019 07:20:20 GMT" time="39.249" errors="0">
  <testcase name="Title" time="39.249" classname="com.seleniumtestngtest.mainClass"/>
</testsuite> <!-- com.seleniumtestngtest.mainClass -->
