<?xml version="1.0" encoding="UTF-8"?>
<!-- Generated by org.testng.reporters.JUnitReportReporter -->
<testsuite skipped="0" hostname="Dika" name="com.seleniumtestngtest.mainClass" tests="14" failures="0" timestamp="16 Jun 2019 20:43:30 GMT" time="267.733" errors="0">
  <testcase name="Title" time="10.001" classname="com.seleniumtestngtest.mainClass"/>
  <testcase name="cekLoginTrue" time="16.064" classname="com.seleniumtestngtest.mainClass"/>
  <testcase name="cekLogout" time="12.952" classname="com.seleniumtestngtest.mainClass"/>
  <testcase name="cekLoginFailed" time="12.614" classname="com.seleniumtestngtest.mainClass"/>
  <testcase name="cekFormLogin" time="15.216" classname="com.seleniumtestngtest.mainClass"/>
  <testcase name="cekMenuDataKasir_CURD" time="15.166" classname="com.seleniumtestngtest.mainClass"/>
  <testcase name="cekFormDataKasir" time="17.499" classname="com.seleniumtestngtest.mainClass"/>
  <testcase name="cekMenuDataKategori_CURD" time="15.038" classname="com.seleniumtestngtest.mainClass"/>
  <testcase name="cekFormDataKategori" time="17.133" classname="com.seleniumtestngtest.mainClass"/>
  <testcase name="cekMenuDataSuplayer_CURD" time="16.263" classname="com.seleniumtestngtest.mainClass"/>
  <testcase name="cekFormDataSuplayer" time="17.212" classname="com.seleniumtestngtest.mainClass"/>
  <testcase name="cekMenuDataBarang_CURD" time="25.295" classname="com.seleniumtestngtest.mainClass"/>
  <testcase name="cekFormDataBarang" time="51.177" classname="com.seleniumtestngtest.mainClass"/>
  <testcase name="cekTransaksiPembelian" time="26.103" classname="com.seleniumtestngtest.mainClass"/>
</testsuite> <!-- com.seleniumtestngtest.mainClass -->
