<?xml version="1.0" encoding="UTF-8"?>
<!-- Generated by org.testng.reporters.JUnitReportReporter -->
<testsuite skipped="0" hostname="Dika" name="com.seleniumtestngtest.mainClass" tests="14" failures="0" timestamp="18 Jun 2019 09:56:20 GMT" time="252.318" errors="0">
  <testcase name="Title" time="8.872" classname="com.seleniumtestngtest.mainClass"/>
  <testcase name="cekLoginTrue" time="14.586" classname="com.seleniumtestngtest.mainClass"/>
  <testcase name="cekLogout" time="13.594" classname="com.seleniumtestngtest.mainClass"/>
  <testcase name="cekLoginFailed" time="11.374" classname="com.seleniumtestngtest.mainClass"/>
  <testcase name="cekFormLogin" time="12.610" classname="com.seleniumtestngtest.mainClass"/>
  <testcase name="cekMenuDataKasir_CURD" time="13.893" classname="com.seleniumtestngtest.mainClass"/>
  <testcase name="cekFormDataKasir" time="16.425" classname="com.seleniumtestngtest.mainClass"/>
  <testcase name="cekMenuDataKategori_CURD" time="15.685" classname="com.seleniumtestngtest.mainClass"/>
  <testcase name="cekFormDataKategori" time="13.960" classname="com.seleniumtestngtest.mainClass"/>
  <testcase name="cekMenuDataSuplayer_CURD" time="15.727" classname="com.seleniumtestngtest.mainClass"/>
  <testcase name="cekFormDataSuplayer" time="17.504" classname="com.seleniumtestngtest.mainClass"/>
  <testcase name="cekMenuDataBarang_CURD" time="23.024" classname="com.seleniumtestngtest.mainClass"/>
  <testcase name="cekFormDataBarang" time="49.015" classname="com.seleniumtestngtest.mainClass"/>
  <testcase name="cekTransaksiPembelian" time="26.049" classname="com.seleniumtestngtest.mainClass"/>
</testsuite> <!-- com.seleniumtestngtest.mainClass -->
