<?xml version="1.0" encoding="UTF-8"?>
<!-- Generated by org.testng.reporters.JUnitReportReporter -->
<testsuite skipped="0" hostname="Dika" name="com.seleniumtestngtest.mainClass" tests="14" failures="0" timestamp="05 Jul 2019 09:08:59 GMT" time="582.578" errors="0">
  <testcase name="Title" time="35.605" classname="com.seleniumtestngtest.mainClass"/>
  <testcase name="cekLoginTrue" time="79.451" classname="com.seleniumtestngtest.mainClass"/>
  <testcase name="cekLogout" time="54.197" classname="com.seleniumtestngtest.mainClass"/>
  <testcase name="cekLoginFailed" time="22.890" classname="com.seleniumtestngtest.mainClass"/>
  <testcase name="cekFormLogin" time="30.702" classname="com.seleniumtestngtest.mainClass"/>
  <testcase name="cekMenuDataKasir_CURD" time="36.706" classname="com.seleniumtestngtest.mainClass"/>
  <testcase name="cekFormDataKasir" time="38.434" classname="com.seleniumtestngtest.mainClass"/>
  <testcase name="cekMenuDataKategori_CURD" time="33.338" classname="com.seleniumtestngtest.mainClass"/>
  <testcase name="cekFormDataKategori" time="31.150" classname="com.seleniumtestngtest.mainClass"/>
  <testcase name="cekMenuDataSuplayer_CURD" time="26.038" classname="com.seleniumtestngtest.mainClass"/>
  <testcase name="cekFormDataSuplayer" time="34.264" classname="com.seleniumtestngtest.mainClass"/>
  <testcase name="cekMenuDataBarang_CURD" time="31.537" classname="com.seleniumtestngtest.mainClass"/>
  <testcase name="cekFormDataBarang" time="85.823" classname="com.seleniumtestngtest.mainClass"/>
  <testcase name="cekTransaksiPembelian" time="42.443" classname="com.seleniumtestngtest.mainClass"/>
</testsuite> <!-- com.seleniumtestngtest.mainClass -->
